<?xml version="1.0" encoding="UTF-8"?>
<testng-results skipped="0" failed="0" ignored="0" total="1" passed="1">
  <reporter-output>
  </reporter-output>
  <suite name="Default suite" duration-ms="13121" started-at="2022-04-01T02:41:21Z" finished-at="2022-04-01T02:41:34Z">
    <groups>
    </groups>
    <test name="Default test" duration-ms="13121" started-at="2022-04-01T02:41:21Z" finished-at="2022-04-01T02:41:34Z">
      <class name="e1_gitTest.E1_SampleTest">
        <test-method status="PASS" signature="test()[pri:0, instance:e1_gitTest.E1_SampleTest@6e1567f1]" name="test" duration-ms="13054" started-at="2022-04-01T08:11:21Z" finished-at="2022-04-01T08:11:34Z">
          <reporter-output>
          </reporter-output>
        </test-method> <!-- test -->
      </class> <!-- e1_gitTest.E1_SampleTest -->
    </test> <!-- Default test -->
  </suite> <!-- Default suite -->
</testng-results>
